[2017-01-24 02:30:33] production.ERROR: exception 'ErrorException' with message 'file_put_contents(C:\WebServer\www\ShoppingCart\bootstrap/cache/services.php): failed to open stream: No such file or directory' in C:\WebServer\www\ShoppingCart\vendor\laravel\framework\src\Illuminate\Filesystem\Filesystem.php:111
Stack trace:
#0 [internal function]: Illuminate\Foundation\Bootstrap\HandleExceptions->handleError(2, 'file_put_conten...', 'C:\\WebServer\\ww...', 111, Array)
#1 C:\WebServer\www\ShoppingCart\vendor\laravel\framework\src\Illuminate\Filesystem\Filesystem.php(111): file_put_contents('C:\\WebServer\\ww...', '<?php return ar...', 0)
#2 C:\WebServer\www\ShoppingCart\vendor\laravel\framework\src\Illuminate\Foundation\ProviderRepository.php(190): Illuminate\Filesystem\Filesystem->put('C:\\WebServer\\ww...', '<?php return ar...')
#3 C:\WebServer\www\ShoppingCart\vendor\laravel\framework\src\Illuminate\Foundation\ProviderRepository.php(135): Illuminate\Foundation\ProviderRepository->writeManifest(Array)
#4 C:\WebServer\www\ShoppingCart\vendor\laravel\framework\src\Illuminate\Foundation\ProviderRepository.php(60): Illuminate\Foundation\ProviderRepository->compileManifest(Array)
#5 C:\WebServer\www\ShoppingCart\vendor\laravel\framework\src\Illuminate\Foundation\Application.php(540): Illuminate\Foundation\ProviderRepository->load(Array)
#6 C:\WebServer\www\ShoppingCart\vendor\laravel\framework\src\Illuminate\Foundation\Bootstrap\RegisterProviders.php(17): Illuminate\Foundation\Application->registerConfiguredProviders()
#7 C:\WebServer\www\ShoppingCart\vendor\laravel\framework\src\Illuminate\Foundation\Application.php(203): Illuminate\Foundation\Bootstrap\RegisterProviders->bootstrap(Object(Illuminate\Foundation\Application))
#8 C:\WebServer\www\ShoppingCart\vendor\laravel\framework\src\Illuminate\Foundation\Console\Kernel.php(267): Illuminate\Foundation\Application->bootstrapWith(Array)
#9 C:\WebServer\www\ShoppingCart\vendor\laravel\framework\src\Illuminate\Foundation\Console\Kernel.php(113): Illuminate\Foundation\Console\Kernel->bootstrap()
#10 C:\WebServer\www\ShoppingCart\artisan(36): Illuminate\Foundation\Console\Kernel->handle(Object(Symfony\Component\Console\Input\ArgvInput), Object(Symfony\Component\Console\Output\ConsoleOutput))
#11 {main}  
[2017-01-24 02:32:11] production.ERROR: exception 'ErrorException' with message 'file_put_contents(C:\WebServer\www\ShoppingCart\bootstrap/cache/services.php): failed to open stream: No such file or directory' in C:\WebServer\www\ShoppingCart\vendor\laravel\framework\src\Illuminate\Filesystem\Filesystem.php:111
Stack trace:
#0 [internal function]: Illuminate\Foundation\Bootstrap\HandleExceptions->handleError(2, 'file_put_conten...', 'C:\\WebServer\\ww...', 111, Array)
#1 C:\WebServer\www\ShoppingCart\vendor\laravel\framework\src\Illuminate\Filesystem\Filesystem.php(111): file_put_contents('C:\\WebServer\\ww...', '<?php return ar...', 0)
#2 C:\WebServer\www\ShoppingCart\vendor\laravel\framework\src\Illuminate\Foundation\ProviderRepository.php(190): Illuminate\Filesystem\Filesystem->put('C:\\WebServer\\ww...', '<?php return ar...')
#3 C:\WebServer\www\ShoppingCart\vendor\laravel\framework\src\Illuminate\Foundation\ProviderRepository.php(135): Illuminate\Foundation\ProviderRepository->writeManifest(Array)
#4 C:\WebServer\www\ShoppingCart\vendor\laravel\framework\src\Illuminate\Foundation\ProviderRepository.php(60): Illuminate\Foundation\ProviderRepository->compileManifest(Array)
#5 C:\WebServer\www\ShoppingCart\vendor\laravel\framework\src\Illuminate\Foundation\Application.php(540): Illuminate\Foundation\ProviderRepository->load(Array)
#6 C:\WebServer\www\ShoppingCart\vendor\laravel\framework\src\Illuminate\Foundation\Bootstrap\RegisterProviders.php(17): Illuminate\Foundation\Application->registerConfiguredProviders()
#7 C:\WebServer\www\ShoppingCart\vendor\laravel\framework\src\Illuminate\Foundation\Application.php(203): Illuminate\Foundation\Bootstrap\RegisterProviders->bootstrap(Object(Illuminate\Foundation\Application))
#8 C:\WebServer\www\ShoppingCart\vendor\laravel\framework\src\Illuminate\Foundation\Console\Kernel.php(267): Illuminate\Foundation\Application->bootstrapWith(Array)
#9 C:\WebServer\www\ShoppingCart\vendor\laravel\framework\src\Illuminate\Foundation\Console\Kernel.php(113): Illuminate\Foundation\Console\Kernel->bootstrap()
#10 C:\WebServer\www\ShoppingCart\artisan(36): Illuminate\Foundation\Console\Kernel->handle(Object(Symfony\Component\Console\Input\ArgvInput), Object(Symfony\Component\Console\Output\ConsoleOutput))
#11 {main}  
[2017-01-24 02:33:13] production.ERROR: exception 'ErrorException' with message 'file_put_contents(C:\WebServer\www\ShoppingCart\bootstrap/cache/services.php): failed to open stream: No such file or directory' in C:\WebServer\www\ShoppingCart\vendor\laravel\framework\src\Illuminate\Filesystem\Filesystem.php:111
Stack trace:
#0 [internal function]: Illuminate\Foundation\Bootstrap\HandleExceptions->handleError(2, 'file_put_conten...', 'C:\\WebServer\\ww...', 111, Array)
#1 C:\WebServer\www\ShoppingCart\vendor\laravel\framework\src\Illuminate\Filesystem\Filesystem.php(111): file_put_contents('C:\\WebServer\\ww...', '<?php return ar...', 0)
#2 C:\WebServer\www\ShoppingCart\vendor\laravel\framework\src\Illuminate\Foundation\ProviderRepository.php(190): Illuminate\Filesystem\Filesystem->put('C:\\WebServer\\ww...', '<?php return ar...')
#3 C:\WebServer\www\ShoppingCart\vendor\laravel\framework\src\Illuminate\Foundation\ProviderRepository.php(135): Illuminate\Foundation\ProviderRepository->writeManifest(Array)
#4 C:\WebServer\www\ShoppingCart\vendor\laravel\framework\src\Illuminate\Foundation\ProviderRepository.php(60): Illuminate\Foundation\ProviderRepository->compileManifest(Array)
#5 C:\WebServer\www\ShoppingCart\vendor\laravel\framework\src\Illuminate\Foundation\Application.php(540): Illuminate\Foundation\ProviderRepository->load(Array)
#6 C:\WebServer\www\ShoppingCart\vendor\laravel\framework\src\Illuminate\Foundation\Bootstrap\RegisterProviders.php(17): Illuminate\Foundation\Application->registerConfiguredProviders()
#7 C:\WebServer\www\ShoppingCart\vendor\laravel\framework\src\Illuminate\Foundation\Application.php(203): Illuminate\Foundation\Bootstrap\RegisterProviders->bootstrap(Object(Illuminate\Foundation\Application))
#8 C:\WebServer\www\ShoppingCart\vendor\laravel\framework\src\Illuminate\Foundation\Http\Kernel.php(254): Illuminate\Foundation\Application->bootstrapWith(Array)
#9 C:\WebServer\www\ShoppingCart\vendor\laravel\framework\src\Illuminate\Foundation\Http\Kernel.php(145): Illuminate\Foundation\Http\Kernel->bootstrap()
#10 C:\WebServer\www\ShoppingCart\vendor\laravel\framework\src\Illuminate\Foundation\Http\Kernel.php(117): Illuminate\Foundation\Http\Kernel->sendRequestThroughRouter(Object(Illuminate\Http\Request))
#11 C:\WebServer\www\ShoppingCart\public\index.php(54): Illuminate\Foundation\Http\Kernel->handle(Object(Illuminate\Http\Request))
#12 {main}  
[2017-01-24 02:33:16] production.ERROR: exception 'ErrorException' with message 'file_put_contents(C:\WebServer\www\ShoppingCart\bootstrap/cache/services.php): failed to open stream: No such file or directory' in C:\WebServer\www\ShoppingCart\vendor\laravel\framework\src\Illuminate\Filesystem\Filesystem.php:111
Stack trace:
#0 [internal function]: Illuminate\Foundation\Bootstrap\HandleExceptions->handleError(2, 'file_put_conten...', 'C:\\WebServer\\ww...', 111, Array)
#1 C:\WebServer\www\ShoppingCart\vendor\laravel\framework\src\Illuminate\Filesystem\Filesystem.php(111): file_put_contents('C:\\WebServer\\ww...', '<?php return ar...', 0)
#2 C:\WebServer\www\ShoppingCart\vendor\laravel\framework\src\Illuminate\Foundation\ProviderRepository.php(190): Illuminate\Filesystem\Filesystem->put('C:\\WebServer\\ww...', '<?php return ar...')
#3 C:\WebServer\www\ShoppingCart\vendor\laravel\framework\src\Illuminate\Foundation\ProviderRepository.php(135): Illuminate\Foundation\ProviderRepository->writeManifest(Array)
#4 C:\WebServer\www\ShoppingCart\vendor\laravel\framework\src\Illuminate\Foundation\ProviderRepository.php(60): Illuminate\Foundation\ProviderRepository->compileManifest(Array)
#5 C:\WebServer\www\ShoppingCart\vendor\laravel\framework\src\Illuminate\Foundation\Application.php(540): Illuminate\Foundation\ProviderRepository->load(Array)
#6 C:\WebServer\www\ShoppingCart\vendor\laravel\framework\src\Illuminate\Foundation\Bootstrap\RegisterProviders.php(17): Illuminate\Foundation\Application->registerConfiguredProviders()
#7 C:\WebServer\www\ShoppingCart\vendor\laravel\framework\src\Illuminate\Foundation\Application.php(203): Illuminate\Foundation\Bootstrap\RegisterProviders->bootstrap(Object(Illuminate\Foundation\Application))
#8 C:\WebServer\www\ShoppingCart\vendor\laravel\framework\src\Illuminate\Foundation\Http\Kernel.php(254): Illuminate\Foundation\Application->bootstrapWith(Array)
#9 C:\WebServer\www\ShoppingCart\vendor\laravel\framework\src\Illuminate\Foundation\Http\Kernel.php(145): Illuminate\Foundation\Http\Kernel->bootstrap()
#10 C:\WebServer\www\ShoppingCart\vendor\laravel\framework\src\Illuminate\Foundation\Http\Kernel.php(117): Illuminate\Foundation\Http\Kernel->sendRequestThroughRouter(Object(Illuminate\Http\Request))
#11 C:\WebServer\www\ShoppingCart\public\index.php(54): Illuminate\Foundation\Http\Kernel->handle(Object(Illuminate\Http\Request))
#12 {main}  
[2017-01-24 02:33:32] production.ERROR: exception 'ErrorException' with message 'file_put_contents(C:\WebServer\www\ShoppingCart\bootstrap/cache/services.php): failed to open stream: No such file or directory' in C:\WebServer\www\ShoppingCart\vendor\laravel\framework\src\Illuminate\Filesystem\Filesystem.php:111
Stack trace:
#0 [internal function]: Illuminate\Foundation\Bootstrap\HandleExceptions->handleError(2, 'file_put_conten...', 'C:\\WebServer\\ww...', 111, Array)
#1 C:\WebServer\www\ShoppingCart\vendor\laravel\framework\src\Illuminate\Filesystem\Filesystem.php(111): file_put_contents('C:\\WebServer\\ww...', '<?php return ar...', 0)
#2 C:\WebServer\www\ShoppingCart\vendor\laravel\framework\src\Illuminate\Foundation\ProviderRepository.php(190): Illuminate\Filesystem\Filesystem->put('C:\\WebServer\\ww...', '<?php return ar...')
#3 C:\WebServer\www\ShoppingCart\vendor\laravel\framework\src\Illuminate\Foundation\ProviderRepository.php(135): Illuminate\Foundation\ProviderRepository->writeManifest(Array)
#4 C:\WebServer\www\ShoppingCart\vendor\laravel\framework\src\Illuminate\Foundation\ProviderRepository.php(60): Illuminate\Foundation\ProviderRepository->compileManifest(Array)
#5 C:\WebServer\www\ShoppingCart\vendor\laravel\framework\src\Illuminate\Foundation\Application.php(540): Illuminate\Foundation\ProviderRepository->load(Array)
#6 C:\WebServer\www\ShoppingCart\vendor\laravel\framework\src\Illuminate\Foundation\Bootstrap\RegisterProviders.php(17): Illuminate\Foundation\Application->registerConfiguredProviders()
#7 C:\WebServer\www\ShoppingCart\vendor\laravel\framework\src\Illuminate\Foundation\Application.php(203): Illuminate\Foundation\Bootstrap\RegisterProviders->bootstrap(Object(Illuminate\Foundation\Application))
#8 C:\WebServer\www\ShoppingCart\vendor\laravel\framework\src\Illuminate\Foundation\Http\Kernel.php(254): Illuminate\Foundation\Application->bootstrapWith(Array)
#9 C:\WebServer\www\ShoppingCart\vendor\laravel\framework\src\Illuminate\Foundation\Http\Kernel.php(145): Illuminate\Foundation\Http\Kernel->bootstrap()
#10 C:\WebServer\www\ShoppingCart\vendor\laravel\framework\src\Illuminate\Foundation\Http\Kernel.php(117): Illuminate\Foundation\Http\Kernel->sendRequestThroughRouter(Object(Illuminate\Http\Request))
#11 C:\WebServer\www\ShoppingCart\public\index.php(54): Illuminate\Foundation\Http\Kernel->handle(Object(Illuminate\Http\Request))
#12 {main}  
[2017-01-24 02:36:22] production.ERROR: exception 'RuntimeException' with message 'The only supported ciphers are AES-128-CBC and AES-256-CBC with the correct key lengths.' in C:\WebServer\www\ShoppingCart\bootstrap\cache\compiled.php:13510
Stack trace:
#0 C:\WebServer\www\ShoppingCart\bootstrap\cache\compiled.php(7917): Illuminate\Encryption\Encrypter->__construct(NULL, 'AES-256-CBC')
#1 C:\WebServer\www\ShoppingCart\bootstrap\cache\compiled.php(1477): Illuminate\Encryption\EncryptionServiceProvider->Illuminate\Encryption\{closure}(Object(Illuminate\Foundation\Application), Array)
#2 C:\WebServer\www\ShoppingCart\bootstrap\cache\compiled.php(1433): Illuminate\Container\Container->build(Object(Closure), Array)
#3 C:\WebServer\www\ShoppingCart\bootstrap\cache\compiled.php(2011): Illuminate\Container\Container->make('encrypter', Array)
#4 C:\WebServer\www\ShoppingCart\bootstrap\cache\compiled.php(1534): Illuminate\Foundation\Application->make('Illuminate\\Cont...')
#5 C:\WebServer\www\ShoppingCart\bootstrap\cache\compiled.php(1511): Illuminate\Container\Container->resolveClass(Object(ReflectionParameter))
#6 C:\WebServer\www\ShoppingCart\bootstrap\cache\compiled.php(1497): Illuminate\Container\Container->getDependencies(Array, Array)
#7 C:\WebServer\www\ShoppingCart\bootstrap\cache\compiled.php(1433): Illuminate\Container\Container->build('App\\Http\\Middle...', Array)
#8 C:\WebServer\www\ShoppingCart\bootstrap\cache\compiled.php(2011): Illuminate\Container\Container->make('App\\Http\\Middle...', Array)
#9 C:\WebServer\www\ShoppingCart\bootstrap\cache\compiled.php(10054): Illuminate\Foundation\Application->make('App\\Http\\Middle...')
#10 C:\WebServer\www\ShoppingCart\vendor\laravel\framework\src\Illuminate\Routing\Pipeline.php(33): Illuminate\Pipeline\Pipeline->Illuminate\Pipeline\{closure}(Object(Illuminate\Http\Request))
#11 C:\WebServer\www\ShoppingCart\bootstrap\cache\compiled.php(10044): Illuminate\Routing\Pipeline->Illuminate\Routing\{closure}(Object(Illuminate\Http\Request))
#12 C:\WebServer\www\ShoppingCart\bootstrap\cache\compiled.php(8346): Illuminate\Pipeline\Pipeline->then(Object(Closure))
#13 C:\WebServer\www\ShoppingCart\bootstrap\cache\compiled.php(8337): Illuminate\Routing\Router->runRouteWithinStack(Object(Illuminate\Routing\Route), Object(Illuminate\Http\Request))
#14 C:\WebServer\www\ShoppingCart\bootstrap\cache\compiled.php(8328): Illuminate\Routing\Router->dispatchToRoute(Object(Illuminate\Http\Request))
#15 C:\WebServer\www\ShoppingCart\bootstrap\cache\compiled.php(2575): Illuminate\Routing\Router->dispatch(Object(Illuminate\Http\Request))
#16 C:\WebServer\www\ShoppingCart\vendor\laravel\framework\src\Illuminate\Routing\Pipeline.php(53): Illuminate\Foundation\Http\Kernel->Illuminate\Foundation\Http\{closure}(Object(Illuminate\Http\Request))
#17 C:\WebServer\www\ShoppingCart\bootstrap\cache\compiled.php(3374): Illuminate\Routing\Pipeline->Illuminate\Routing\{closure}(Object(Illuminate\Http\Request))
#18 C:\WebServer\www\ShoppingCart\bootstrap\cache\compiled.php(10059): Illuminate\Foundation\Http\Middleware\CheckForMaintenanceMode->handle(Object(Illuminate\Http\Request), Object(Closure))
#19 C:\WebServer\www\ShoppingCart\vendor\laravel\framework\src\Illuminate\Routing\Pipeline.php(33): Illuminate\Pipeline\Pipeline->Illuminate\Pipeline\{closure}(Object(Illuminate\Http\Request))
#20 C:\WebServer\www\ShoppingCart\bootstrap\cache\compiled.php(10044): Illuminate\Routing\Pipeline->Illuminate\Routing\{closure}(Object(Illuminate\Http\Request))
#21 C:\WebServer\www\ShoppingCart\bootstrap\cache\compiled.php(2519): Illuminate\Pipeline\Pipeline->then(Object(Closure))
#22 C:\WebServer\www\ShoppingCart\bootstrap\cache\compiled.php(2503): Illuminate\Foundation\Http\Kernel->sendRequestThroughRouter(Object(Illuminate\Http\Request))
#23 C:\WebServer\www\ShoppingCart\public\index.php(54): Illuminate\Foundation\Http\Kernel->handle(Object(Illuminate\Http\Request))
#24 {main}  
[2017-01-24 02:36:22] production.ERROR: exception 'RuntimeException' with message 'The only supported ciphers are AES-128-CBC and AES-256-CBC with the correct key lengths.' in C:\WebServer\www\ShoppingCart\bootstrap\cache\compiled.php:13510
Stack trace:
#0 C:\WebServer\www\ShoppingCart\bootstrap\cache\compiled.php(7917): Illuminate\Encryption\Encrypter->__construct(NULL, 'AES-256-CBC')
#1 C:\WebServer\www\ShoppingCart\bootstrap\cache\compiled.php(1477): Illuminate\Encryption\EncryptionServiceProvider->Illuminate\Encryption\{closure}(Object(Illuminate\Foundation\Application), Array)
#2 C:\WebServer\www\ShoppingCart\bootstrap\cache\compiled.php(1433): Illuminate\Container\Container->build(Object(Closure), Array)
#3 C:\WebServer\www\ShoppingCart\bootstrap\cache\compiled.php(2011): Illuminate\Container\Container->make('encrypter', Array)
#4 C:\WebServer\www\ShoppingCart\bootstrap\cache\compiled.php(1534): Illuminate\Foundation\Application->make('Illuminate\\Cont...')
#5 C:\WebServer\www\ShoppingCart\bootstrap\cache\compiled.php(1511): Illuminate\Container\Container->resolveClass(Object(ReflectionParameter))
#6 C:\WebServer\www\ShoppingCart\bootstrap\cache\compiled.php(1497): Illuminate\Container\Container->getDependencies(Array, Array)
#7 C:\WebServer\www\ShoppingCart\bootstrap\cache\compiled.php(1433): Illuminate\Container\Container->build('App\\Http\\Middle...', Array)
#8 C:\WebServer\www\ShoppingCart\bootstrap\cache\compiled.php(2011): Illuminate\Container\Container->make('App\\Http\\Middle...', Array)
#9 C:\WebServer\www\ShoppingCart\bootstrap\cache\compiled.php(2529): Illuminate\Foundation\Application->make('App\\Http\\Middle...')
#10 C:\WebServer\www\ShoppingCart\public\index.php(58): Illuminate\Foundation\Http\Kernel->terminate(Object(Illuminate\Http\Request), Object(Illuminate\Http\Response))
#11 {main}  
[2017-01-24 02:36:24] production.ERROR: exception 'RuntimeException' with message 'The only supported ciphers are AES-128-CBC and AES-256-CBC with the correct key lengths.' in C:\WebServer\www\ShoppingCart\bootstrap\cache\compiled.php:13510
Stack trace:
#0 C:\WebServer\www\ShoppingCart\bootstrap\cache\compiled.php(7917): Illuminate\Encryption\Encrypter->__construct(NULL, 'AES-256-CBC')
#1 C:\WebServer\www\ShoppingCart\bootstrap\cache\compiled.php(1477): Illuminate\Encryption\EncryptionServiceProvider->Illuminate\Encryption\{closure}(Object(Illuminate\Foundation\Application), Array)
#2 C:\WebServer\www\ShoppingCart\bootstrap\cache\compiled.php(1433): Illuminate\Container\Container->build(Object(Closure), Array)
#3 C:\WebServer\www\ShoppingCart\bootstrap\cache\compiled.php(2011): Illuminate\Container\Container->make('encrypter', Array)
#4 C:\WebServer\www\ShoppingCart\bootstrap\cache\compiled.php(1534): Illuminate\Foundation\Application->make('Illuminate\\Cont...')
#5 C:\WebServer\www\ShoppingCart\bootstrap\cache\compiled.php(1511): Illuminate\Container\Container->resolveClass(Object(ReflectionParameter))
#6 C:\WebServer\www\ShoppingCart\bootstrap\cache\compiled.php(1497): Illuminate\Container\Container->getDependencies(Array, Array)
#7 C:\WebServer\www\ShoppingCart\bootstrap\cache\compiled.php(1433): Illuminate\Container\Container->build('App\\Http\\Middle...', Array)
#8 C:\WebServer\www\ShoppingCart\bootstrap\cache\compiled.php(2011): Illuminate\Container\Container->make('App\\Http\\Middle...', Array)
#9 C:\WebServer\www\ShoppingCart\bootstrap\cache\compiled.php(10054): Illuminate\Foundation\Application->make('App\\Http\\Middle...')
#10 C:\WebServer\www\ShoppingCart\vendor\laravel\framework\src\Illuminate\Routing\Pipeline.php(33): Illuminate\Pipeline\Pipeline->Illuminate\Pipeline\{closure}(Object(Illuminate\Http\Request))
#11 C:\WebServer\www\ShoppingCart\bootstrap\cache\compiled.php(10044): Illuminate\Routing\Pipeline->Illuminate\Routing\{closure}(Object(Illuminate\Http\Request))
#12 C:\WebServer\www\ShoppingCart\bootstrap\cache\compiled.php(8346): Illuminate\Pipeline\Pipeline->then(Object(Closure))
#13 C:\WebServer\www\ShoppingCart\bootstrap\cache\compiled.php(8337): Illuminate\Routing\Router->runRouteWithinStack(Object(Illuminate\Routing\Route), Object(Illuminate\Http\Request))
#14 C:\WebServer\www\ShoppingCart\bootstrap\cache\compiled.php(8328): Illuminate\Routing\Router->dispatchToRoute(Object(Illuminate\Http\Request))
#15 C:\WebServer\www\ShoppingCart\bootstrap\cache\compiled.php(2575): Illuminate\Routing\Router->dispatch(Object(Illuminate\Http\Request))
#16 C:\WebServer\www\ShoppingCart\vendor\laravel\framework\src\Illuminate\Routing\Pipeline.php(53): Illuminate\Foundation\Http\Kernel->Illuminate\Foundation\Http\{closure}(Object(Illuminate\Http\Request))
#17 C:\WebServer\www\ShoppingCart\bootstrap\cache\compiled.php(3374): Illuminate\Routing\Pipeline->Illuminate\Routing\{closure}(Object(Illuminate\Http\Request))
#18 C:\WebServer\www\ShoppingCart\bootstrap\cache\compiled.php(10059): Illuminate\Foundation\Http\Middleware\CheckForMaintenanceMode->handle(Object(Illuminate\Http\Request), Object(Closure))
#19 C:\WebServer\www\ShoppingCart\vendor\laravel\framework\src\Illuminate\Routing\Pipeline.php(33): Illuminate\Pipeline\Pipeline->Illuminate\Pipeline\{closure}(Object(Illuminate\Http\Request))
#20 C:\WebServer\www\ShoppingCart\bootstrap\cache\compiled.php(10044): Illuminate\Routing\Pipeline->Illuminate\Routing\{closure}(Object(Illuminate\Http\Request))
#21 C:\WebServer\www\ShoppingCart\bootstrap\cache\compiled.php(2519): Illuminate\Pipeline\Pipeline->then(Object(Closure))
#22 C:\WebServer\www\ShoppingCart\bootstrap\cache\compiled.php(2503): Illuminate\Foundation\Http\Kernel->sendRequestThroughRouter(Object(Illuminate\Http\Request))
#23 C:\WebServer\www\ShoppingCart\public\index.php(54): Illuminate\Foundation\Http\Kernel->handle(Object(Illuminate\Http\Request))
#24 {main}  
[2017-01-24 02:36:24] production.ERROR: exception 'RuntimeException' with message 'The only supported ciphers are AES-128-CBC and AES-256-CBC with the correct key lengths.' in C:\WebServer\www\ShoppingCart\bootstrap\cache\compiled.php:13510
Stack trace:
#0 C:\WebServer\www\ShoppingCart\bootstrap\cache\compiled.php(7917): Illuminate\Encryption\Encrypter->__construct(NULL, 'AES-256-CBC')
#1 C:\WebServer\www\ShoppingCart\bootstrap\cache\compiled.php(1477): Illuminate\Encryption\EncryptionServiceProvider->Illuminate\Encryption\{closure}(Object(Illuminate\Foundation\Application), Array)
#2 C:\WebServer\www\ShoppingCart\bootstrap\cache\compiled.php(1433): Illuminate\Container\Container->build(Object(Closure), Array)
#3 C:\WebServer\www\ShoppingCart\bootstrap\cache\compiled.php(2011): Illuminate\Container\Container->make('encrypter', Array)
#4 C:\WebServer\www\ShoppingCart\bootstrap\cache\compiled.php(1534): Illuminate\Foundation\Application->make('Illuminate\\Cont...')
#5 C:\WebServer\www\ShoppingCart\bootstrap\cache\compiled.php(1511): Illuminate\Container\Container->resolveClass(Object(ReflectionParameter))
#6 C:\WebServer\www\ShoppingCart\bootstrap\cache\compiled.php(1497): Illuminate\Container\Container->getDependencies(Array, Array)
#7 C:\WebServer\www\ShoppingCart\bootstrap\cache\compiled.php(1433): Illuminate\Container\Container->build('App\\Http\\Middle...', Array)
#8 C:\WebServer\www\ShoppingCart\bootstrap\cache\compiled.php(2011): Illuminate\Container\Container->make('App\\Http\\Middle...', Array)
#9 C:\WebServer\www\ShoppingCart\bootstrap\cache\compiled.php(2529): Illuminate\Foundation\Application->make('App\\Http\\Middle...')
#10 C:\WebServer\www\ShoppingCart\public\index.php(58): Illuminate\Foundation\Http\Kernel->terminate(Object(Illuminate\Http\Request), Object(Illuminate\Http\Response))
#11 {main}  
[2017-01-24 02:36:27] production.ERROR: exception 'RuntimeException' with message 'The only supported ciphers are AES-128-CBC and AES-256-CBC with the correct key lengths.' in C:\WebServer\www\ShoppingCart\bootstrap\cache\compiled.php:13510
Stack trace:
#0 C:\WebServer\www\ShoppingCart\bootstrap\cache\compiled.php(7917): Illuminate\Encryption\Encrypter->__construct(NULL, 'AES-256-CBC')
#1 C:\WebServer\www\ShoppingCart\bootstrap\cache\compiled.php(1477): Illuminate\Encryption\EncryptionServiceProvider->Illuminate\Encryption\{closure}(Object(Illuminate\Foundation\Application), Array)
#2 C:\WebServer\www\ShoppingCart\bootstrap\cache\compiled.php(1433): Illuminate\Container\Container->build(Object(Closure), Array)
#3 C:\WebServer\www\ShoppingCart\bootstrap\cache\compiled.php(2011): Illuminate\Container\Container->make('encrypter', Array)
#4 C:\WebServer\www\ShoppingCart\bootstrap\cache\compiled.php(1534): Illuminate\Foundation\Application->make('Illuminate\\Cont...')
#5 C:\WebServer\www\ShoppingCart\bootstrap\cache\compiled.php(1511): Illuminate\Container\Container->resolveClass(Object(ReflectionParameter))
#6 C:\WebServer\www\ShoppingCart\bootstrap\cache\compiled.php(1497): Illuminate\Container\Container->getDependencies(Array, Array)
#7 C:\WebServer\www\ShoppingCart\bootstrap\cache\compiled.php(1433): Illuminate\Container\Container->build('App\\Http\\Middle...', Array)
#8 C:\WebServer\www\ShoppingCart\bootstrap\cache\compiled.php(2011): Illuminate\Container\Container->make('App\\Http\\Middle...', Array)
#9 C:\WebServer\www\ShoppingCart\bootstrap\cache\compiled.php(10054): Illuminate\Foundation\Application->make('App\\Http\\Middle...')
#10 C:\WebServer\www\ShoppingCart\vendor\laravel\framework\src\Illuminate\Routing\Pipeline.php(33): Illuminate\Pipeline\Pipeline->Illuminate\Pipeline\{closure}(Object(Illuminate\Http\Request))
#11 C:\WebServer\www\ShoppingCart\bootstrap\cache\compiled.php(10044): Illuminate\Routing\Pipeline->Illuminate\Routing\{closure}(Object(Illuminate\Http\Request))
#12 C:\WebServer\www\ShoppingCart\bootstrap\cache\compiled.php(8346): Illuminate\Pipeline\Pipeline->then(Object(Closure))
#13 C:\WebServer\www\ShoppingCart\bootstrap\cache\compiled.php(8337): Illuminate\Routing\Router->runRouteWithinStack(Object(Illuminate\Routing\Route), Object(Illuminate\Http\Request))
#14 C:\WebServer\www\ShoppingCart\bootstrap\cache\compiled.php(8328): Illuminate\Routing\Router->dispatchToRoute(Object(Illuminate\Http\Request))
#15 C:\WebServer\www\ShoppingCart\bootstrap\cache\compiled.php(2575): Illuminate\Routing\Router->dispatch(Object(Illuminate\Http\Request))
#16 C:\WebServer\www\ShoppingCart\vendor\laravel\framework\src\Illuminate\Routing\Pipeline.php(53): Illuminate\Foundation\Http\Kernel->Illuminate\Foundation\Http\{closure}(Object(Illuminate\Http\Request))
#17 C:\WebServer\www\ShoppingCart\bootstrap\cache\compiled.php(3374): Illuminate\Routing\Pipeline->Illuminate\Routing\{closure}(Object(Illuminate\Http\Request))
#18 C:\WebServer\www\ShoppingCart\bootstrap\cache\compiled.php(10059): Illuminate\Foundation\Http\Middleware\CheckForMaintenanceMode->handle(Object(Illuminate\Http\Request), Object(Closure))
#19 C:\WebServer\www\ShoppingCart\vendor\laravel\framework\src\Illuminate\Routing\Pipeline.php(33): Illuminate\Pipeline\Pipeline->Illuminate\Pipeline\{closure}(Object(Illuminate\Http\Request))
#20 C:\WebServer\www\ShoppingCart\bootstrap\cache\compiled.php(10044): Illuminate\Routing\Pipeline->Illuminate\Routing\{closure}(Object(Illuminate\Http\Request))
#21 C:\WebServer\www\ShoppingCart\bootstrap\cache\compiled.php(2519): Illuminate\Pipeline\Pipeline->then(Object(Closure))
#22 C:\WebServer\www\ShoppingCart\bootstrap\cache\compiled.php(2503): Illuminate\Foundation\Http\Kernel->sendRequestThroughRouter(Object(Illuminate\Http\Request))
#23 C:\WebServer\www\ShoppingCart\public\index.php(54): Illuminate\Foundation\Http\Kernel->handle(Object(Illuminate\Http\Request))
#24 {main}  
[2017-01-24 02:36:27] production.ERROR: exception 'RuntimeException' with message 'The only supported ciphers are AES-128-CBC and AES-256-CBC with the correct key lengths.' in C:\WebServer\www\ShoppingCart\bootstrap\cache\compiled.php:13510
Stack trace:
#0 C:\WebServer\www\ShoppingCart\bootstrap\cache\compiled.php(7917): Illuminate\Encryption\Encrypter->__construct(NULL, 'AES-256-CBC')
#1 C:\WebServer\www\ShoppingCart\bootstrap\cache\compiled.php(1477): Illuminate\Encryption\EncryptionServiceProvider->Illuminate\Encryption\{closure}(Object(Illuminate\Foundation\Application), Array)
#2 C:\WebServer\www\ShoppingCart\bootstrap\cache\compiled.php(1433): Illuminate\Container\Container->build(Object(Closure), Array)
#3 C:\WebServer\www\ShoppingCart\bootstrap\cache\compiled.php(2011): Illuminate\Container\Container->make('encrypter', Array)
#4 C:\WebServer\www\ShoppingCart\bootstrap\cache\compiled.php(1534): Illuminate\Foundation\Application->make('Illuminate\\Cont...')
#5 C:\WebServer\www\ShoppingCart\bootstrap\cache\compiled.php(1511): Illuminate\Container\Container->resolveClass(Object(ReflectionParameter))
#6 C:\WebServer\www\ShoppingCart\bootstrap\cache\compiled.php(1497): Illuminate\Container\Container->getDependencies(Array, Array)
#7 C:\WebServer\www\ShoppingCart\bootstrap\cache\compiled.php(1433): Illuminate\Container\Container->build('App\\Http\\Middle...', Array)
#8 C:\WebServer\www\ShoppingCart\bootstrap\cache\compiled.php(2011): Illuminate\Container\Container->make('App\\Http\\Middle...', Array)
#9 C:\WebServer\www\ShoppingCart\bootstrap\cache\compiled.php(2529): Illuminate\Foundation\Application->make('App\\Http\\Middle...')
#10 C:\WebServer\www\ShoppingCart\public\index.php(58): Illuminate\Foundation\Http\Kernel->terminate(Object(Illuminate\Http\Request), Object(Illuminate\Http\Response))
#11 {main}  
[2017-01-24 02:36:40] production.ERROR: exception 'RuntimeException' with message 'The only supported ciphers are AES-128-CBC and AES-256-CBC with the correct key lengths.' in C:\WebServer\www\ShoppingCart\bootstrap\cache\compiled.php:13510
Stack trace:
#0 C:\WebServer\www\ShoppingCart\bootstrap\cache\compiled.php(7917): Illuminate\Encryption\Encrypter->__construct(NULL, 'AES-256-CBC')
#1 C:\WebServer\www\ShoppingCart\bootstrap\cache\compiled.php(1477): Illuminate\Encryption\EncryptionServiceProvider->Illuminate\Encryption\{closure}(Object(Illuminate\Foundation\Application), Array)
#2 C:\WebServer\www\ShoppingCart\bootstrap\cache\compiled.php(1433): Illuminate\Container\Container->build(Object(Closure), Array)
#3 C:\WebServer\www\ShoppingCart\bootstrap\cache\compiled.php(2011): Illuminate\Container\Container->make('encrypter', Array)
#4 C:\WebServer\www\ShoppingCart\bootstrap\cache\compiled.php(1534): Illuminate\Foundation\Application->make('Illuminate\\Cont...')
#5 C:\WebServer\www\ShoppingCart\bootstrap\cache\compiled.php(1511): Illuminate\Container\Container->resolveClass(Object(ReflectionParameter))
#6 C:\WebServer\www\ShoppingCart\bootstrap\cache\compiled.php(1497): Illuminate\Container\Container->getDependencies(Array, Array)
#7 C:\WebServer\www\ShoppingCart\bootstrap\cache\compiled.php(1433): Illuminate\Container\Container->build('App\\Http\\Middle...', Array)
#8 C:\WebServer\www\ShoppingCart\bootstrap\cache\compiled.php(2011): Illuminate\Container\Container->make('App\\Http\\Middle...', Array)
#9 C:\WebServer\www\ShoppingCart\bootstrap\cache\compiled.php(10054): Illuminate\Foundation\Application->make('App\\Http\\Middle...')
#10 C:\WebServer\www\ShoppingCart\vendor\laravel\framework\src\Illuminate\Routing\Pipeline.php(33): Illuminate\Pipeline\Pipeline->Illuminate\Pipeline\{closure}(Object(Illuminate\Http\Request))
#11 C:\WebServer\www\ShoppingCart\bootstrap\cache\compiled.php(10044): Illuminate\Routing\Pipeline->Illuminate\Routing\{closure}(Object(Illuminate\Http\Request))
#12 C:\WebServer\www\ShoppingCart\bootstrap\cache\compiled.php(8346): Illuminate\Pipeline\Pipeline->then(Object(Closure))
#13 C:\WebServer\www\ShoppingCart\bootstrap\cache\compiled.php(8337): Illuminate\Routing\Router->runRouteWithinStack(Object(Illuminate\Routing\Route), Object(Illuminate\Http\Request))
#14 C:\WebServer\www\ShoppingCart\bootstrap\cache\compiled.php(8328): Illuminate\Routing\Router->dispatchToRoute(Object(Illuminate\Http\Request))
#15 C:\WebServer\www\ShoppingCart\bootstrap\cache\compiled.php(2575): Illuminate\Routing\Router->dispatch(Object(Illuminate\Http\Request))
#16 C:\WebServer\www\ShoppingCart\vendor\laravel\framework\src\Illuminate\Routing\Pipeline.php(53): Illuminate\Foundation\Http\Kernel->Illuminate\Foundation\Http\{closure}(Object(Illuminate\Http\Request))
#17 C:\WebServer\www\ShoppingCart\bootstrap\cache\compiled.php(3374): Illuminate\Routing\Pipeline->Illuminate\Routing\{closure}(Object(Illuminate\Http\Request))
#18 C:\WebServer\www\ShoppingCart\bootstrap\cache\compiled.php(10059): Illuminate\Foundation\Http\Middleware\CheckForMaintenanceMode->handle(Object(Illuminate\Http\Request), Object(Closure))
#19 C:\WebServer\www\ShoppingCart\vendor\laravel\framework\src\Illuminate\Routing\Pipeline.php(33): Illuminate\Pipeline\Pipeline->Illuminate\Pipeline\{closure}(Object(Illuminate\Http\Request))
#20 C:\WebServer\www\ShoppingCart\bootstrap\cache\compiled.php(10044): Illuminate\Routing\Pipeline->Illuminate\Routing\{closure}(Object(Illuminate\Http\Request))
#21 C:\WebServer\www\ShoppingCart\bootstrap\cache\compiled.php(2519): Illuminate\Pipeline\Pipeline->then(Object(Closure))
#22 C:\WebServer\www\ShoppingCart\bootstrap\cache\compiled.php(2503): Illuminate\Foundation\Http\Kernel->sendRequestThroughRouter(Object(Illuminate\Http\Request))
#23 C:\WebServer\www\ShoppingCart\public\index.php(54): Illuminate\Foundation\Http\Kernel->handle(Object(Illuminate\Http\Request))
#24 {main}  
[2017-01-24 02:36:40] production.ERROR: exception 'RuntimeException' with message 'The only supported ciphers are AES-128-CBC and AES-256-CBC with the correct key lengths.' in C:\WebServer\www\ShoppingCart\bootstrap\cache\compiled.php:13510
Stack trace:
#0 C:\WebServer\www\ShoppingCart\bootstrap\cache\compiled.php(7917): Illuminate\Encryption\Encrypter->__construct(NULL, 'AES-256-CBC')
#1 C:\WebServer\www\ShoppingCart\bootstrap\cache\compiled.php(1477): Illuminate\Encryption\EncryptionServiceProvider->Illuminate\Encryption\{closure}(Object(Illuminate\Foundation\Application), Array)
#2 C:\WebServer\www\ShoppingCart\bootstrap\cache\compiled.php(1433): Illuminate\Container\Container->build(Object(Closure), Array)
#3 C:\WebServer\www\ShoppingCart\bootstrap\cache\compiled.php(2011): Illuminate\Container\Container->make('encrypter', Array)
#4 C:\WebServer\www\ShoppingCart\bootstrap\cache\compiled.php(1534): Illuminate\Foundation\Application->make('Illuminate\\Cont...')
#5 C:\WebServer\www\ShoppingCart\bootstrap\cache\compiled.php(1511): Illuminate\Container\Container->resolveClass(Object(ReflectionParameter))
#6 C:\WebServer\www\ShoppingCart\bootstrap\cache\compiled.php(1497): Illuminate\Container\Container->getDependencies(Array, Array)
#7 C:\WebServer\www\ShoppingCart\bootstrap\cache\compiled.php(1433): Illuminate\Container\Container->build('App\\Http\\Middle...', Array)
#8 C:\WebServer\www\ShoppingCart\bootstrap\cache\compiled.php(2011): Illuminate\Container\Container->make('App\\Http\\Middle...', Array)
#9 C:\WebServer\www\ShoppingCart\bootstrap\cache\compiled.php(2529): Illuminate\Foundation\Application->make('App\\Http\\Middle...')
#10 C:\WebServer\www\ShoppingCart\public\index.php(58): Illuminate\Foundation\Http\Kernel->terminate(Object(Illuminate\Http\Request), Object(Illuminate\Http\Response))
#11 {main}  
[2017-01-24 02:37:57] production.ERROR: exception 'RuntimeException' with message 'The only supported ciphers are AES-128-CBC and AES-256-CBC with the correct key lengths.' in C:\WebServer\www\ShoppingCart\bootstrap\cache\compiled.php:13510
Stack trace:
#0 C:\WebServer\www\ShoppingCart\bootstrap\cache\compiled.php(7917): Illuminate\Encryption\Encrypter->__construct(NULL, 'AES-256-CBC')
#1 C:\WebServer\www\ShoppingCart\bootstrap\cache\compiled.php(1477): Illuminate\Encryption\EncryptionServiceProvider->Illuminate\Encryption\{closure}(Object(Illuminate\Foundation\Application), Array)
#2 C:\WebServer\www\ShoppingCart\bootstrap\cache\compiled.php(1433): Illuminate\Container\Container->build(Object(Closure), Array)
#3 C:\WebServer\www\ShoppingCart\bootstrap\cache\compiled.php(2011): Illuminate\Container\Container->make('encrypter', Array)
#4 C:\WebServer\www\ShoppingCart\bootstrap\cache\compiled.php(1534): Illuminate\Foundation\Application->make('Illuminate\\Cont...')
#5 C:\WebServer\www\ShoppingCart\bootstrap\cache\compiled.php(1511): Illuminate\Container\Container->resolveClass(Object(ReflectionParameter))
#6 C:\WebServer\www\ShoppingCart\bootstrap\cache\compiled.php(1497): Illuminate\Container\Container->getDependencies(Array, Array)
#7 C:\WebServer\www\ShoppingCart\bootstrap\cache\compiled.php(1433): Illuminate\Container\Container->build('App\\Http\\Middle...', Array)
#8 C:\WebServer\www\ShoppingCart\bootstrap\cache\compiled.php(2011): Illuminate\Container\Container->make('App\\Http\\Middle...', Array)
#9 C:\WebServer\www\ShoppingCart\bootstrap\cache\compiled.php(10054): Illuminate\Foundation\Application->make('App\\Http\\Middle...')
#10 C:\WebServer\www\ShoppingCart\vendor\laravel\framework\src\Illuminate\Routing\Pipeline.php(33): Illuminate\Pipeline\Pipeline->Illuminate\Pipeline\{closure}(Object(Illuminate\Http\Request))
#11 C:\WebServer\www\ShoppingCart\bootstrap\cache\compiled.php(10044): Illuminate\Routing\Pipeline->Illuminate\Routing\{closure}(Object(Illuminate\Http\Request))
#12 C:\WebServer\www\ShoppingCart\bootstrap\cache\compiled.php(8346): Illuminate\Pipeline\Pipeline->then(Object(Closure))
#13 C:\WebServer\www\ShoppingCart\bootstrap\cache\compiled.php(8337): Illuminate\Routing\Router->runRouteWithinStack(Object(Illuminate\Routing\Route), Object(Illuminate\Http\Request))
#14 C:\WebServer\www\ShoppingCart\bootstrap\cache\compiled.php(8328): Illuminate\Routing\Router->dispatchToRoute(Object(Illuminate\Http\Request))
#15 C:\WebServer\www\ShoppingCart\bootstrap\cache\compiled.php(2575): Illuminate\Routing\Router->dispatch(Object(Illuminate\Http\Request))
#16 C:\WebServer\www\ShoppingCart\vendor\laravel\framework\src\Illuminate\Routing\Pipeline.php(53): Illuminate\Foundation\Http\Kernel->Illuminate\Foundation\Http\{closure}(Object(Illuminate\Http\Request))
#17 C:\WebServer\www\ShoppingCart\bootstrap\cache\compiled.php(3374): Illuminate\Routing\Pipeline->Illuminate\Routing\{closure}(Object(Illuminate\Http\Request))
#18 C:\WebServer\www\ShoppingCart\bootstrap\cache\compiled.php(10059): Illuminate\Foundation\Http\Middleware\CheckForMaintenanceMode->handle(Object(Illuminate\Http\Request), Object(Closure))
#19 C:\WebServer\www\ShoppingCart\vendor\laravel\framework\src\Illuminate\Routing\Pipeline.php(33): Illuminate\Pipeline\Pipeline->Illuminate\Pipeline\{closure}(Object(Illuminate\Http\Request))
#20 C:\WebServer\www\ShoppingCart\bootstrap\cache\compiled.php(10044): Illuminate\Routing\Pipeline->Illuminate\Routing\{closure}(Object(Illuminate\Http\Request))
#21 C:\WebServer\www\ShoppingCart\bootstrap\cache\compiled.php(2519): Illuminate\Pipeline\Pipeline->then(Object(Closure))
#22 C:\WebServer\www\ShoppingCart\bootstrap\cache\compiled.php(2503): Illuminate\Foundation\Http\Kernel->sendRequestThroughRouter(Object(Illuminate\Http\Request))
#23 C:\WebServer\www\ShoppingCart\public\index.php(54): Illuminate\Foundation\Http\Kernel->handle(Object(Illuminate\Http\Request))
#24 {main}  
[2017-01-24 02:37:57] production.ERROR: exception 'RuntimeException' with message 'The only supported ciphers are AES-128-CBC and AES-256-CBC with the correct key lengths.' in C:\WebServer\www\ShoppingCart\bootstrap\cache\compiled.php:13510
Stack trace:
#0 C:\WebServer\www\ShoppingCart\bootstrap\cache\compiled.php(7917): Illuminate\Encryption\Encrypter->__construct(NULL, 'AES-256-CBC')
#1 C:\WebServer\www\ShoppingCart\bootstrap\cache\compiled.php(1477): Illuminate\Encryption\EncryptionServiceProvider->Illuminate\Encryption\{closure}(Object(Illuminate\Foundation\Application), Array)
#2 C:\WebServer\www\ShoppingCart\bootstrap\cache\compiled.php(1433): Illuminate\Container\Container->build(Object(Closure), Array)
#3 C:\WebServer\www\ShoppingCart\bootstrap\cache\compiled.php(2011): Illuminate\Container\Container->make('encrypter', Array)
#4 C:\WebServer\www\ShoppingCart\bootstrap\cache\compiled.php(1534): Illuminate\Foundation\Application->make('Illuminate\\Cont...')
#5 C:\WebServer\www\ShoppingCart\bootstrap\cache\compiled.php(1511): Illuminate\Container\Container->resolveClass(Object(ReflectionParameter))
#6 C:\WebServer\www\ShoppingCart\bootstrap\cache\compiled.php(1497): Illuminate\Container\Container->getDependencies(Array, Array)
#7 C:\WebServer\www\ShoppingCart\bootstrap\cache\compiled.php(1433): Illuminate\Container\Container->build('App\\Http\\Middle...', Array)
#8 C:\WebServer\www\ShoppingCart\bootstrap\cache\compiled.php(2011): Illuminate\Container\Container->make('App\\Http\\Middle...', Array)
#9 C:\WebServer\www\ShoppingCart\bootstrap\cache\compiled.php(2529): Illuminate\Foundation\Application->make('App\\Http\\Middle...')
#10 C:\WebServer\www\ShoppingCart\public\index.php(58): Illuminate\Foundation\Http\Kernel->terminate(Object(Illuminate\Http\Request), Object(Illuminate\Http\Response))
#11 {main}  
[2017-01-24 02:41:34] production.ERROR: exception 'ErrorException' with message 'file_get_contents(C:\WebServer\www\ShoppingCart/.env): failed to open stream: No such file or directory' in C:\WebServer\www\ShoppingCart\vendor\laravel\framework\src\Illuminate\Foundation\Console\KeyGenerateCommand.php:57
Stack trace:
#0 [internal function]: Illuminate\Foundation\Bootstrap\HandleExceptions->handleError(2, 'file_get_conten...', 'C:\\WebServer\\ww...', 57, Array)
#1 C:\WebServer\www\ShoppingCart\vendor\laravel\framework\src\Illuminate\Foundation\Console\KeyGenerateCommand.php(57): file_get_contents('C:\\WebServer\\ww...')
#2 C:\WebServer\www\ShoppingCart\vendor\laravel\framework\src\Illuminate\Foundation\Console\KeyGenerateCommand.php(39): Illuminate\Foundation\Console\KeyGenerateCommand->setKeyInEnvironmentFile('base64:4TOt8nZh...')
#3 [internal function]: Illuminate\Foundation\Console\KeyGenerateCommand->fire()
#4 C:\WebServer\www\ShoppingCart\bootstrap\cache\compiled.php(1375): call_user_func_array(Array, Array)
#5 C:\WebServer\www\ShoppingCart\vendor\laravel\framework\src\Illuminate\Console\Command.php(169): Illuminate\Container\Container->call(Array)
#6 C:\WebServer\www\ShoppingCart\vendor\symfony\console\Command\Command.php(261): Illuminate\Console\Command->execute(Object(Symfony\Component\Console\Input\ArgvInput), Object(Symfony\Component\Console\Output\ConsoleOutput))
#7 C:\WebServer\www\ShoppingCart\vendor\laravel\framework\src\Illuminate\Console\Command.php(155): Symfony\Component\Console\Command\Command->run(Object(Symfony\Component\Console\Input\ArgvInput), Object(Symfony\Component\Console\Output\ConsoleOutput))
#8 C:\WebServer\www\ShoppingCart\vendor\symfony\console\Application.php(817): Illuminate\Console\Command->run(Object(Symfony\Component\Console\Input\ArgvInput), Object(Symfony\Component\Console\Output\ConsoleOutput))
#9 C:\WebServer\www\ShoppingCart\vendor\symfony\console\Application.php(185): Symfony\Component\Console\Application->doRunCommand(Object(Illuminate\Foundation\Console\KeyGenerateCommand), Object(Symfony\Component\Console\Input\ArgvInput), Object(Symfony\Component\Console\Output\ConsoleOutput))
#10 C:\WebServer\www\ShoppingCart\vendor\symfony\console\Application.php(116): Symfony\Component\Console\Application->doRun(Object(Symfony\Component\Console\Input\ArgvInput), Object(Symfony\Component\Console\Output\ConsoleOutput))
#11 C:\WebServer\www\ShoppingCart\vendor\laravel\framework\src\Illuminate\Foundation\Console\Kernel.php(121): Symfony\Component\Console\Application->run(Object(Symfony\Component\Console\Input\ArgvInput), Object(Symfony\Component\Console\Output\ConsoleOutput))
#12 C:\WebServer\www\ShoppingCart\artisan(36): Illuminate\Foundation\Console\Kernel->handle(Object(Symfony\Component\Console\Input\ArgvInput), Object(Symfony\Component\Console\Output\ConsoleOutput))
#13 {main}  
[2017-01-24 02:42:10] local.ERROR: exception 'InvalidArgumentException' with message 'Please provide a valid cache path.' in C:\WebServer\www\ShoppingCart\bootstrap\cache\compiled.php:15711
Stack trace:
#0 C:\WebServer\www\ShoppingCart\bootstrap\cache\compiled.php(8026): Illuminate\View\Compilers\Compiler->__construct(Object(Illuminate\Filesystem\Filesystem), false)
#1 C:\WebServer\www\ShoppingCart\bootstrap\cache\compiled.php(1477): Illuminate\View\ViewServiceProvider->Illuminate\View\{closure}(Object(Illuminate\Foundation\Application), Array)
#2 C:\WebServer\www\ShoppingCart\bootstrap\cache\compiled.php(1433): Illuminate\Container\Container->build(Object(Closure), Array)
#3 C:\WebServer\www\ShoppingCart\bootstrap\cache\compiled.php(2011): Illuminate\Container\Container->make('blade.compiler', Array)
#4 C:\WebServer\www\ShoppingCart\bootstrap\cache\compiled.php(1686): Illuminate\Foundation\Application->make('blade.compiler')
#5 C:\WebServer\www\ShoppingCart\bootstrap\cache\compiled.php(8029): Illuminate\Container\Container->offsetGet('blade.compiler')
#6 [internal function]: Illuminate\View\ViewServiceProvider->Illuminate\View\{closure}()
#7 C:\WebServer\www\ShoppingCart\bootstrap\cache\compiled.php(14665): call_user_func(Object(Closure))
#8 C:\WebServer\www\ShoppingCart\bootstrap\cache\compiled.php(14909): Illuminate\View\Engines\EngineResolver->resolve('blade')
#9 C:\WebServer\www\ShoppingCart\bootstrap\cache\compiled.php(14849): Illuminate\View\Factory->getEngineFromPath('C:\\WebServer\\ww...')
#10 C:\WebServer\www\ShoppingCart\vendor\laravel\framework\src\Illuminate\Foundation\helpers.php(856): Illuminate\View\Factory->make('welcome', Array, Array)
#11 C:\WebServer\www\ShoppingCart\routes\web.php(15): view('welcome')
#12 C:\WebServer\www\ShoppingCart\bootstrap\cache\compiled.php(8651): App\Providers\RouteServiceProvider->{closure}()
#13 C:\WebServer\www\ShoppingCart\bootstrap\cache\compiled.php(8638): Illuminate\Routing\Route->runCallable()
#14 C:\WebServer\www\ShoppingCart\bootstrap\cache\compiled.php(8345): Illuminate\Routing\Route->run(Object(Illuminate\Http\Request))
#15 C:\WebServer\www\ShoppingCart\vendor\laravel\framework\src\Illuminate\Routing\Pipeline.php(53): Illuminate\Routing\Router->Illuminate\Routing\{closure}(Object(Illuminate\Http\Request))
#16 C:\WebServer\www\ShoppingCart\bootstrap\cache\compiled.php(10167): Illuminate\Routing\Pipeline->Illuminate\Routing\{closure}(Object(Illuminate\Http\Request))
#17 C:\WebServer\www\ShoppingCart\bootstrap\cache\compiled.php(10059): Illuminate\Routing\Middleware\SubstituteBindings->handle(Object(Illuminate\Http\Request), Object(Closure))
#18 C:\WebServer\www\ShoppingCart\vendor\laravel\framework\src\Illuminate\Routing\Pipeline.php(33): Illuminate\Pipeline\Pipeline->Illuminate\Pipeline\{closure}(Object(Illuminate\Http\Request))
#19 C:\WebServer\www\ShoppingCart\bootstrap\cache\compiled.php(3312): Illuminate\Routing\Pipeline->Illuminate\Routing\{closure}(Object(Illuminate\Http\Request))
#20 C:\WebServer\www\ShoppingCart\bootstrap\cache\compiled.php(10059): Illuminate\Foundation\Http\Middleware\VerifyCsrfToken->handle(Object(Illuminate\Http\Request), Object(Closure))
#21 C:\WebServer\www\ShoppingCart\vendor\laravel\framework\src\Illuminate\Routing\Pipeline.php(33): Illuminate\Pipeline\Pipeline->Illuminate\Pipeline\{closure}(Object(Illuminate\Http\Request))
#22 C:\WebServer\www\ShoppingCart\bootstrap\cache\compiled.php(13739): Illuminate\Routing\Pipeline->Illuminate\Routing\{closure}(Object(Illuminate\Http\Request))
#23 C:\WebServer\www\ShoppingCart\bootstrap\cache\compiled.php(10059): Illuminate\View\Middleware\ShareErrorsFromSession->handle(Object(Illuminate\Http\Request), Object(Closure))
#24 C:\WebServer\www\ShoppingCart\vendor\laravel\framework\src\Illuminate\Routing\Pipeline.php(33): Illuminate\Pipeline\Pipeline->Illuminate\Pipeline\{closure}(Object(Illuminate\Http\Request))
#25 C:\WebServer\www\ShoppingCart\bootstrap\cache\compiled.php(12145): Illuminate\Routing\Pipeline->Illuminate\Routing\{closure}(Object(Illuminate\Http\Request))
#26 C:\WebServer\www\ShoppingCart\bootstrap\cache\compiled.php(10059): Illuminate\Session\Middleware\StartSession->handle(Object(Illuminate\Http\Request), Object(Closure))
#27 C:\WebServer\www\ShoppingCart\vendor\laravel\framework\src\Illuminate\Routing\Pipeline.php(33): Illuminate\Pipeline\Pipeline->Illuminate\Pipeline\{closure}(Object(Illuminate\Http\Request))
#28 C:\WebServer\www\ShoppingCart\bootstrap\cache\compiled.php(13485): Illuminate\Routing\Pipeline->Illuminate\Routing\{closure}(Object(Illuminate\Http\Request))
#29 C:\WebServer\www\ShoppingCart\bootstrap\cache\compiled.php(10059): Illuminate\Cookie\Middleware\AddQueuedCookiesToResponse->handle(Object(Illuminate\Http\Request), Object(Closure))
#30 C:\WebServer\www\ShoppingCart\vendor\laravel\framework\src\Illuminate\Routing\Pipeline.php(33): Illuminate\Pipeline\Pipeline->Illuminate\Pipeline\{closure}(Object(Illuminate\Http\Request))
#31 C:\WebServer\www\ShoppingCart\bootstrap\cache\compiled.php(13422): Illuminate\Routing\Pipeline->Illuminate\Routing\{closure}(Object(Illuminate\Http\Request))
#32 C:\WebServer\www\ShoppingCart\bootstrap\cache\compiled.php(10059): Illuminate\Cookie\Middleware\EncryptCookies->handle(Object(Illuminate\Http\Request), Object(Closure))
#33 C:\WebServer\www\ShoppingCart\vendor\laravel\framework\src\Illuminate\Routing\Pipeline.php(33): Illuminate\Pipeline\Pipeline->Illuminate\Pipeline\{closure}(Object(Illuminate\Http\Request))
#34 C:\WebServer\www\ShoppingCart\bootstrap\cache\compiled.php(10044): Illuminate\Routing\Pipeline->Illuminate\Routing\{closure}(Object(Illuminate\Http\Request))
#35 C:\WebServer\www\ShoppingCart\bootstrap\cache\compiled.php(8346): Illuminate\Pipeline\Pipeline->then(Object(Closure))
#36 C:\WebServer\www\ShoppingCart\bootstrap\cache\compiled.php(8337): Illuminate\Routing\Router->runRouteWithinStack(Object(Illuminate\Routing\Route), Object(Illuminate\Http\Request))
#37 C:\WebServer\www\ShoppingCart\bootstrap\cache\compiled.php(8328): Illuminate\Routing\Router->dispatchToRoute(Object(Illuminate\Http\Request))
#38 C:\WebServer\www\ShoppingCart\bootstrap\cache\compiled.php(2575): Illuminate\Routing\Router->dispatch(Object(Illuminate\Http\Request))
#39 C:\WebServer\www\ShoppingCart\vendor\laravel\framework\src\Illuminate\Routing\Pipeline.php(53): Illuminate\Foundation\Http\Kernel->Illuminate\Foundation\Http\{closure}(Object(Illuminate\Http\Request))
#40 C:\WebServer\www\ShoppingCart\bootstrap\cache\compiled.php(3374): Illuminate\Routing\Pipeline->Illuminate\Routing\{closure}(Object(Illuminate\Http\Request))
#41 C:\WebServer\www\ShoppingCart\bootstrap\cache\compiled.php(10059): Illuminate\Foundation\Http\Middleware\CheckForMaintenanceMode->handle(Object(Illuminate\Http\Request), Object(Closure))
#42 C:\WebServer\www\ShoppingCart\vendor\laravel\framework\src\Illuminate\Routing\Pipeline.php(33): Illuminate\Pipeline\Pipeline->Illuminate\Pipeline\{closure}(Object(Illuminate\Http\Request))
#43 C:\WebServer\www\ShoppingCart\bootstrap\cache\compiled.php(10044): Illuminate\Routing\Pipeline->Illuminate\Routing\{closure}(Object(Illuminate\Http\Request))
#44 C:\WebServer\www\ShoppingCart\bootstrap\cache\compiled.php(2519): Illuminate\Pipeline\Pipeline->then(Object(Closure))
#45 C:\WebServer\www\ShoppingCart\bootstrap\cache\compiled.php(2503): Illuminate\Foundation\Http\Kernel->sendRequestThroughRouter(Object(Illuminate\Http\Request))
#46 C:\WebServer\www\ShoppingCart\public\index.php(54): Illuminate\Foundation\Http\Kernel->handle(Object(Illuminate\Http\Request))
#47 {main}  
[2017-01-24 02:42:10] local.ERROR: exception 'ErrorException' with message 'file_put_contents(C:\WebServer\www\ShoppingCart\storage\framework/sessions/5foWOeFOfhtAF428oIinGvaWwrxVHfXkn8pA3CNk): failed to open stream: No such file or directory' in C:\WebServer\www\ShoppingCart\bootstrap\cache\compiled.php:7502
Stack trace:
#0 [internal function]: Illuminate\Foundation\Bootstrap\HandleExceptions->handleError(2, 'file_put_conten...', 'C:\\WebServer\\ww...', 7502, Array)
#1 C:\WebServer\www\ShoppingCart\bootstrap\cache\compiled.php(7502): file_put_contents('C:\\WebServer\\ww...', 'a:4:{s:6:"_toke...', 2)
#2 C:\WebServer\www\ShoppingCart\vendor\laravel\framework\src\Illuminate\Session\FileSessionHandler.php(83): Illuminate\Filesystem\Filesystem->put('C:\\WebServer\\ww...', 'a:4:{s:6:"_toke...', true)
#3 C:\WebServer\www\ShoppingCart\bootstrap\cache\compiled.php(12335): Illuminate\Session\FileSessionHandler->write('5foWOeFOfhtAF42...', 'a:4:{s:6:"_toke...')
#4 C:\WebServer\www\ShoppingCart\bootstrap\cache\compiled.php(12155): Illuminate\Session\Store->save()
#5 C:\WebServer\www\ShoppingCart\bootstrap\cache\compiled.php(2531): Illuminate\Session\Middleware\StartSession->terminate(Object(Illuminate\Http\Request), Object(Illuminate\Http\Response))
#6 C:\WebServer\www\ShoppingCart\public\index.php(58): Illuminate\Foundation\Http\Kernel->terminate(Object(Illuminate\Http\Request), Object(Illuminate\Http\Response))
#7 {main}  
[2017-01-24 02:43:30] local.ERROR: exception 'RuntimeException' with message 'View path not found.' in C:\WebServer\www\ShoppingCart\vendor\laravel\framework\src\Illuminate\Foundation\Console\ViewClearCommand.php:55
Stack trace:
#0 [internal function]: Illuminate\Foundation\Console\ViewClearCommand->fire()
#1 C:\WebServer\www\ShoppingCart\bootstrap\cache\compiled.php(1375): call_user_func_array(Array, Array)
#2 C:\WebServer\www\ShoppingCart\vendor\laravel\framework\src\Illuminate\Console\Command.php(169): Illuminate\Container\Container->call(Array)
#3 C:\WebServer\www\ShoppingCart\vendor\symfony\console\Command\Command.php(261): Illuminate\Console\Command->execute(Object(Symfony\Component\Console\Input\ArgvInput), Object(Symfony\Component\Console\Output\ConsoleOutput))
#4 C:\WebServer\www\ShoppingCart\vendor\laravel\framework\src\Illuminate\Console\Command.php(155): Symfony\Component\Console\Command\Command->run(Object(Symfony\Component\Console\Input\ArgvInput), Object(Symfony\Component\Console\Output\ConsoleOutput))
#5 C:\WebServer\www\ShoppingCart\vendor\symfony\console\Application.php(817): Illuminate\Console\Command->run(Object(Symfony\Component\Console\Input\ArgvInput), Object(Symfony\Component\Console\Output\ConsoleOutput))
#6 C:\WebServer\www\ShoppingCart\vendor\symfony\console\Application.php(185): Symfony\Component\Console\Application->doRunCommand(Object(Illuminate\Foundation\Console\ViewClearCommand), Object(Symfony\Component\Console\Input\ArgvInput), Object(Symfony\Component\Console\Output\ConsoleOutput))
#7 C:\WebServer\www\ShoppingCart\vendor\symfony\console\Application.php(116): Symfony\Component\Console\Application->doRun(Object(Symfony\Component\Console\Input\ArgvInput), Object(Symfony\Component\Console\Output\ConsoleOutput))
#8 C:\WebServer\www\ShoppingCart\vendor\laravel\framework\src\Illuminate\Foundation\Console\Kernel.php(121): Symfony\Component\Console\Application->run(Object(Symfony\Component\Console\Input\ArgvInput), Object(Symfony\Component\Console\Output\ConsoleOutput))
#9 C:\WebServer\www\ShoppingCart\artisan(36): Illuminate\Foundation\Console\Kernel->handle(Object(Symfony\Component\Console\Input\ArgvInput), Object(Symfony\Component\Console\Output\ConsoleOutput))
#10 {main}  
[2017-01-24 02:43:44] local.ERROR: exception 'InvalidArgumentException' with message 'Please provide a valid cache path.' in C:\WebServer\www\ShoppingCart\bootstrap\cache\compiled.php:15711
Stack trace:
#0 C:\WebServer\www\ShoppingCart\bootstrap\cache\compiled.php(8026): Illuminate\View\Compilers\Compiler->__construct(Object(Illuminate\Filesystem\Filesystem), false)
#1 C:\WebServer\www\ShoppingCart\bootstrap\cache\compiled.php(1477): Illuminate\View\ViewServiceProvider->Illuminate\View\{closure}(Object(Illuminate\Foundation\Application), Array)
#2 C:\WebServer\www\ShoppingCart\bootstrap\cache\compiled.php(1433): Illuminate\Container\Container->build(Object(Closure), Array)
#3 C:\WebServer\www\ShoppingCart\bootstrap\cache\compiled.php(2011): Illuminate\Container\Container->make('blade.compiler', Array)
#4 C:\WebServer\www\ShoppingCart\bootstrap\cache\compiled.php(1686): Illuminate\Foundation\Application->make('blade.compiler')
#5 C:\WebServer\www\ShoppingCart\bootstrap\cache\compiled.php(8029): Illuminate\Container\Container->offsetGet('blade.compiler')
#6 [internal function]: Illuminate\View\ViewServiceProvider->Illuminate\View\{closure}()
#7 C:\WebServer\www\ShoppingCart\bootstrap\cache\compiled.php(14665): call_user_func(Object(Closure))
#8 C:\WebServer\www\ShoppingCart\bootstrap\cache\compiled.php(14909): Illuminate\View\Engines\EngineResolver->resolve('blade')
#9 C:\WebServer\www\ShoppingCart\bootstrap\cache\compiled.php(14849): Illuminate\View\Factory->getEngineFromPath('C:\\WebServer\\ww...')
#10 C:\WebServer\www\ShoppingCart\vendor\laravel\framework\src\Illuminate\Foundation\helpers.php(856): Illuminate\View\Factory->make('welcome', Array, Array)
#11 C:\WebServer\www\ShoppingCart\routes\web.php(15): view('welcome')
#12 C:\WebServer\www\ShoppingCart\bootstrap\cache\compiled.php(8651): App\Providers\RouteServiceProvider->{closure}()
#13 C:\WebServer\www\ShoppingCart\bootstrap\cache\compiled.php(8638): Illuminate\Routing\Route->runCallable()
#14 C:\WebServer\www\ShoppingCart\bootstrap\cache\compiled.php(8345): Illuminate\Routing\Route->run(Object(Illuminate\Http\Request))
#15 C:\WebServer\www\ShoppingCart\vendor\laravel\framework\src\Illuminate\Routing\Pipeline.php(53): Illuminate\Routing\Router->Illuminate\Routing\{closure}(Object(Illuminate\Http\Request))
#16 C:\WebServer\www\ShoppingCart\bootstrap\cache\compiled.php(10167): Illuminate\Routing\Pipeline->Illuminate\Routing\{closure}(Object(Illuminate\Http\Request))
#17 C:\WebServer\www\ShoppingCart\bootstrap\cache\compiled.php(10059): Illuminate\Routing\Middleware\SubstituteBindings->handle(Object(Illuminate\Http\Request), Object(Closure))
#18 C:\WebServer\www\ShoppingCart\vendor\laravel\framework\src\Illuminate\Routing\Pipeline.php(33): Illuminate\Pipeline\Pipeline->Illuminate\Pipeline\{closure}(Object(Illuminate\Http\Request))
#19 C:\WebServer\www\ShoppingCart\bootstrap\cache\compiled.php(3312): Illuminate\Routing\Pipeline->Illuminate\Routing\{closure}(Object(Illuminate\Http\Request))
#20 C:\WebServer\www\ShoppingCart\bootstrap\cache\compiled.php(10059): Illuminate\Foundation\Http\Middleware\VerifyCsrfToken->handle(Object(Illuminate\Http\Request), Object(Closure))
#21 C:\WebServer\www\ShoppingCart\vendor\laravel\framework\src\Illuminate\Routing\Pipeline.php(33): Illuminate\Pipeline\Pipeline->Illuminate\Pipeline\{closure}(Object(Illuminate\Http\Request))
#22 C:\WebServer\www\ShoppingCart\bootstrap\cache\compiled.php(13739): Illuminate\Routing\Pipeline->Illuminate\Routing\{closure}(Object(Illuminate\Http\Request))
#23 C:\WebServer\www\ShoppingCart\bootstrap\cache\compiled.php(10059): Illuminate\View\Middleware\ShareErrorsFromSession->handle(Object(Illuminate\Http\Request), Object(Closure))
#24 C:\WebServer\www\ShoppingCart\vendor\laravel\framework\src\Illuminate\Routing\Pipeline.php(33): Illuminate\Pipeline\Pipeline->Illuminate\Pipeline\{closure}(Object(Illuminate\Http\Request))
#25 C:\WebServer\www\ShoppingCart\bootstrap\cache\compiled.php(12145): Illuminate\Routing\Pipeline->Illuminate\Routing\{closure}(Object(Illuminate\Http\Request))
#26 C:\WebServer\www\ShoppingCart\bootstrap\cache\compiled.php(10059): Illuminate\Session\Middleware\StartSession->handle(Object(Illuminate\Http\Request), Object(Closure))
#27 C:\WebServer\www\ShoppingCart\vendor\laravel\framework\src\Illuminate\Routing\Pipeline.php(33): Illuminate\Pipeline\Pipeline->Illuminate\Pipeline\{closure}(Object(Illuminate\Http\Request))
#28 C:\WebServer\www\ShoppingCart\bootstrap\cache\compiled.php(13485): Illuminate\Routing\Pipeline->Illuminate\Routing\{closure}(Object(Illuminate\Http\Request))
#29 C:\WebServer\www\ShoppingCart\bootstrap\cache\compiled.php(10059): Illuminate\Cookie\Middleware\AddQueuedCookiesToResponse->handle(Object(Illuminate\Http\Request), Object(Closure))
#30 C:\WebServer\www\ShoppingCart\vendor\laravel\framework\src\Illuminate\Routing\Pipeline.php(33): Illuminate\Pipeline\Pipeline->Illuminate\Pipeline\{closure}(Object(Illuminate\Http\Request))
#31 C:\WebServer\www\ShoppingCart\bootstrap\cache\compiled.php(13422): Illuminate\Routing\Pipeline->Illuminate\Routing\{closure}(Object(Illuminate\Http\Request))
#32 C:\WebServer\www\ShoppingCart\bootstrap\cache\compiled.php(10059): Illuminate\Cookie\Middleware\EncryptCookies->handle(Object(Illuminate\Http\Request), Object(Closure))
#33 C:\WebServer\www\ShoppingCart\vendor\laravel\framework\src\Illuminate\Routing\Pipeline.php(33): Illuminate\Pipeline\Pipeline->Illuminate\Pipeline\{closure}(Object(Illuminate\Http\Request))
#34 C:\WebServer\www\ShoppingCart\bootstrap\cache\compiled.php(10044): Illuminate\Routing\Pipeline->Illuminate\Routing\{closure}(Object(Illuminate\Http\Request))
#35 C:\WebServer\www\ShoppingCart\bootstrap\cache\compiled.php(8346): Illuminate\Pipeline\Pipeline->then(Object(Closure))
#36 C:\WebServer\www\ShoppingCart\bootstrap\cache\compiled.php(8337): Illuminate\Routing\Router->runRouteWithinStack(Object(Illuminate\Routing\Route), Object(Illuminate\Http\Request))
#37 C:\WebServer\www\ShoppingCart\bootstrap\cache\compiled.php(8328): Illuminate\Routing\Router->dispatchToRoute(Object(Illuminate\Http\Request))
#38 C:\WebServer\www\ShoppingCart\bootstrap\cache\compiled.php(2575): Illuminate\Routing\Router->dispatch(Object(Illuminate\Http\Request))
#39 C:\WebServer\www\ShoppingCart\vendor\laravel\framework\src\Illuminate\Routing\Pipeline.php(53): Illuminate\Foundation\Http\Kernel->Illuminate\Foundation\Http\{closure}(Object(Illuminate\Http\Request))
#40 C:\WebServer\www\ShoppingCart\bootstrap\cache\compiled.php(3374): Illuminate\Routing\Pipeline->Illuminate\Routing\{closure}(Object(Illuminate\Http\Request))
#41 C:\WebServer\www\ShoppingCart\bootstrap\cache\compiled.php(10059): Illuminate\Foundation\Http\Middleware\CheckForMaintenanceMode->handle(Object(Illuminate\Http\Request), Object(Closure))
#42 C:\WebServer\www\ShoppingCart\vendor\laravel\framework\src\Illuminate\Routing\Pipeline.php(33): Illuminate\Pipeline\Pipeline->Illuminate\Pipeline\{closure}(Object(Illuminate\Http\Request))
#43 C:\WebServer\www\ShoppingCart\bootstrap\cache\compiled.php(10044): Illuminate\Routing\Pipeline->Illuminate\Routing\{closure}(Object(Illuminate\Http\Request))
#44 C:\WebServer\www\ShoppingCart\bootstrap\cache\compiled.php(2519): Illuminate\Pipeline\Pipeline->then(Object(Closure))
#45 C:\WebServer\www\ShoppingCart\bootstrap\cache\compiled.php(2503): Illuminate\Foundation\Http\Kernel->sendRequestThroughRouter(Object(Illuminate\Http\Request))
#46 C:\WebServer\www\ShoppingCart\public\index.php(54): Illuminate\Foundation\Http\Kernel->handle(Object(Illuminate\Http\Request))
#47 {main}  
[2017-01-24 02:43:44] local.ERROR: exception 'ErrorException' with message 'file_put_contents(C:\WebServer\www\ShoppingCart\storage\framework/sessions/5foWOeFOfhtAF428oIinGvaWwrxVHfXkn8pA3CNk): failed to open stream: No such file or directory' in C:\WebServer\www\ShoppingCart\bootstrap\cache\compiled.php:7502
Stack trace:
#0 [internal function]: Illuminate\Foundation\Bootstrap\HandleExceptions->handleError(2, 'file_put_conten...', 'C:\\WebServer\\ww...', 7502, Array)
#1 C:\WebServer\www\ShoppingCart\bootstrap\cache\compiled.php(7502): file_put_contents('C:\\WebServer\\ww...', 'a:4:{s:6:"_toke...', 2)
#2 C:\WebServer\www\ShoppingCart\vendor\laravel\framework\src\Illuminate\Session\FileSessionHandler.php(83): Illuminate\Filesystem\Filesystem->put('C:\\WebServer\\ww...', 'a:4:{s:6:"_toke...', true)
#3 C:\WebServer\www\ShoppingCart\bootstrap\cache\compiled.php(12335): Illuminate\Session\FileSessionHandler->write('5foWOeFOfhtAF42...', 'a:4:{s:6:"_toke...')
#4 C:\WebServer\www\ShoppingCart\bootstrap\cache\compiled.php(12155): Illuminate\Session\Store->save()
#5 C:\WebServer\www\ShoppingCart\bootstrap\cache\compiled.php(2531): Illuminate\Session\Middleware\StartSession->terminate(Object(Illuminate\Http\Request), Object(Illuminate\Http\Response))
#6 C:\WebServer\www\ShoppingCart\public\index.php(58): Illuminate\Foundation\Http\Kernel->terminate(Object(Illuminate\Http\Request), Object(Illuminate\Http\Response))
#7 {main}  
